2025-04-30 10:32:12 [INFO] onion_MainThread_1746023532: Registering with registry at localhost:5050
2025-04-30 10:32:12 [INFO] onion_MainThread_1746023532: Registered with registry
2025-04-30 10:32:12 [INFO] onion_MainThread_1746023532: Starting MIDDLE router on localhost:5052
2025-04-30 10:32:22 [INFO] onion_MainThread_1746023532: Received Ping request
2025-04-30 10:32:32 [INFO] onion_MainThread_1746023532: Received Ping request
2025-04-30 10:32:42 [INFO] onion_MainThread_1746023532: Received Ping request
2025-04-30 10:32:52 [INFO] onion_MainThread_1746023532: Received Ping request
2025-04-30 10:33:02 [INFO] onion_MainThread_1746023532: Received Ping request
2025-04-30 10:33:12 [INFO] onion_MainThread_1746023532: Received Ping request
2025-04-30 10:33:22 [INFO] onion_MainThread_1746023532: Received Ping request
2025-04-30 10:33:32 [INFO] onion_MainThread_1746023532: Received Ping request
2025-04-30 10:33:41 [INFO] onion_MainThread_1746023532: Key exchange for session 3338d282-6453-4247-948c-518919f91600
2025-04-30 10:33:42 [INFO] onion_MainThread_1746023532: Received Ping request
2025-04-30 10:33:46 [INFO] onion_MainThread_1746023532: Key exchange for session b8300513-2c41-47e0-9aa4-4d3a7f993f1b
2025-04-30 10:33:52 [INFO] onion_MainThread_1746023532: Received Ping request
2025-04-30 10:34:02 [INFO] onion_MainThread_1746023532: Received Ping request
2025-04-30 10:34:12 [INFO] onion_MainThread_1746023532: Received Ping request
2025-04-30 10:34:22 [INFO] onion_MainThread_1746023532: Received Ping request
2025-04-30 10:34:32 [INFO] onion_MainThread_1746023532: Received Ping request
2025-04-30 10:34:42 [INFO] onion_MainThread_1746023532: Received Ping request
2025-04-30 10:34:52 [INFO] onion_MainThread_1746023532: Received Ping request
2025-04-30 10:35:02 [INFO] onion_MainThread_1746023532: Received Ping request
2025-04-30 10:35:12 [INFO] onion_MainThread_1746023532: Received Ping request
2025-04-30 10:35:22 [INFO] onion_MainThread_1746023532: Received Ping request
2025-04-30 10:35:32 [INFO] onion_MainThread_1746023532: Received Ping request
2025-04-30 10:35:42 [INFO] onion_MainThread_1746023532: Received Ping request
2025-04-30 10:35:52 [INFO] onion_MainThread_1746023532: Received Ping request
2025-04-30 10:36:02 [INFO] onion_MainThread_1746023532: Received Ping request
2025-04-30 10:36:12 [INFO] onion_MainThread_1746023532: Received Ping request
2025-04-30 10:36:22 [INFO] onion_MainThread_1746023532: Received Ping request
2025-04-30 10:36:32 [INFO] onion_MainThread_1746023532: Received Ping request
2025-04-30 10:36:42 [INFO] onion_MainThread_1746023532: Received Ping request
2025-04-30 10:36:52 [INFO] onion_MainThread_1746023532: Received Ping request
2025-04-30 10:37:02 [INFO] onion_MainThread_1746023532: Received Ping request
2025-04-30 10:37:12 [INFO] onion_MainThread_1746023532: Received Ping request
2025-04-30 10:37:23 [INFO] onion_MainThread_1746023532: Received Ping request
2025-04-30 10:37:33 [INFO] onion_MainThread_1746023532: Received Ping request
2025-04-30 10:37:43 [INFO] onion_MainThread_1746023532: Received Ping request
2025-04-30 10:37:53 [INFO] onion_MainThread_1746023532: Received Ping request
2025-04-30 10:38:03 [INFO] onion_MainThread_1746023532: Received Ping request
2025-04-30 10:38:13 [INFO] onion_MainThread_1746023532: Received Ping request
2025-04-30 10:38:23 [INFO] onion_MainThread_1746023532: Received Ping request
2025-04-30 10:38:33 [INFO] onion_MainThread_1746023532: Received Ping request
2025-04-30 10:38:43 [INFO] onion_MainThread_1746023532: Received Ping request
2025-04-30 10:38:53 [INFO] onion_MainThread_1746023532: Received Ping request
2025-04-30 10:39:03 [INFO] onion_MainThread_1746023532: Received Ping request
2025-04-30 10:39:13 [INFO] onion_MainThread_1746023532: Received Ping request
2025-04-30 10:39:23 [INFO] onion_MainThread_1746023532: Received Ping request
2025-04-30 10:39:33 [INFO] onion_MainThread_1746023532: Received Ping request
2025-04-30 10:39:43 [INFO] onion_MainThread_1746023532: Received Ping request
2025-04-30 10:39:53 [INFO] onion_MainThread_1746023532: Received Ping request
2025-04-30 10:40:03 [INFO] onion_MainThread_1746023532: Received Ping request
2025-04-30 10:40:13 [INFO] onion_MainThread_1746023532: Received Ping request
2025-04-30 10:40:23 [INFO] onion_MainThread_1746023532: Received Ping request
2025-04-30 10:40:33 [INFO] onion_MainThread_1746023532: Received Ping request
2025-04-30 10:40:43 [INFO] onion_MainThread_1746023532: Received Ping request
2025-04-30 10:40:53 [INFO] onion_MainThread_1746023532: Received Ping request
2025-04-30 10:41:03 [INFO] onion_MainThread_1746023532: Received Ping request
2025-04-30 10:41:13 [INFO] onion_MainThread_1746023532: Received Ping request
2025-04-30 10:41:23 [INFO] onion_MainThread_1746023532: Received Ping request
2025-04-30 10:41:33 [INFO] onion_MainThread_1746023532: Received Ping request
2025-04-30 10:41:43 [INFO] onion_MainThread_1746023532: Received Ping request
2025-04-30 10:41:53 [INFO] onion_MainThread_1746023532: Received Ping request
2025-04-30 10:42:03 [INFO] onion_MainThread_1746023532: Received Ping request
2025-04-30 10:42:13 [INFO] onion_MainThread_1746023532: Received Ping request
2025-04-30 10:42:23 [INFO] onion_MainThread_1746023532: Received Ping request
2025-04-30 10:42:33 [INFO] onion_MainThread_1746023532: Received Ping request
2025-04-30 10:42:43 [INFO] onion_MainThread_1746023532: Received Ping request
2025-04-30 10:42:53 [INFO] onion_MainThread_1746023532: Received Ping request
2025-04-30 10:43:03 [INFO] onion_MainThread_1746023532: Received Ping request
2025-04-30 10:43:13 [INFO] onion_MainThread_1746023532: Received Ping request
2025-04-30 10:43:23 [INFO] onion_MainThread_1746023532: Received Ping request
2025-04-30 10:43:33 [INFO] onion_MainThread_1746023532: Received Ping request
2025-04-30 10:43:43 [INFO] onion_MainThread_1746023532: Received Ping request
2025-04-30 10:43:53 [INFO] onion_MainThread_1746023532: Received Ping request
2025-04-30 10:44:03 [INFO] onion_MainThread_1746023532: Received Ping request
2025-04-30 10:44:13 [INFO] onion_MainThread_1746023532: Received Ping request
2025-04-30 10:44:24 [INFO] onion_MainThread_1746023532: Received Ping request
2025-04-30 10:44:34 [INFO] onion_MainThread_1746023532: Received Ping request
2025-04-30 10:44:44 [INFO] onion_MainThread_1746023532: Received Ping request
2025-04-30 10:44:54 [INFO] onion_MainThread_1746023532: Received Ping request
2025-04-30 10:45:04 [INFO] onion_MainThread_1746023532: Received Ping request
2025-04-30 10:45:14 [INFO] onion_MainThread_1746023532: Received Ping request
2025-04-30 10:45:24 [INFO] onion_MainThread_1746023532: Received Ping request
2025-04-30 10:45:34 [INFO] onion_MainThread_1746023532: Received Ping request
2025-04-30 10:45:44 [INFO] onion_MainThread_1746023532: Received Ping request
2025-04-30 10:45:54 [INFO] onion_MainThread_1746023532: Received Ping request
2025-04-30 10:46:04 [INFO] onion_MainThread_1746023532: Received Ping request
2025-04-30 10:46:14 [INFO] onion_MainThread_1746023532: Received Ping request
2025-04-30 10:46:24 [INFO] onion_MainThread_1746023532: Received Ping request
2025-04-30 10:46:34 [INFO] onion_MainThread_1746023532: Received Ping request
2025-04-30 10:46:44 [INFO] onion_MainThread_1746023532: Received Ping request
2025-04-30 10:46:54 [INFO] onion_MainThread_1746023532: Received Ping request
2025-04-30 10:47:04 [INFO] onion_MainThread_1746023532: Received Ping request
2025-04-30 10:47:14 [INFO] onion_MainThread_1746023532: Received Ping request
2025-04-30 10:47:24 [INFO] onion_MainThread_1746023532: Received Ping request
2025-04-30 10:47:34 [INFO] onion_MainThread_1746023532: Received Ping request
2025-04-30 10:47:44 [INFO] onion_MainThread_1746023532: Received Ping request
2025-04-30 10:47:54 [INFO] onion_MainThread_1746023532: Received Ping request
2025-04-30 10:48:04 [INFO] onion_MainThread_1746023532: Received Ping request
2025-04-30 10:48:14 [INFO] onion_MainThread_1746023532: Received Ping request
2025-04-30 10:48:24 [INFO] onion_MainThread_1746023532: Received Ping request
2025-04-30 10:48:34 [INFO] onion_MainThread_1746023532: Received Ping request
2025-04-30 10:48:44 [INFO] onion_MainThread_1746023532: Received Ping request
2025-04-30 10:48:54 [INFO] onion_MainThread_1746023532: Received Ping request
2025-04-30 10:49:04 [INFO] onion_MainThread_1746023532: Received Ping request
2025-04-30 10:49:14 [INFO] onion_MainThread_1746023532: Received Ping request
2025-04-30 10:49:24 [INFO] onion_MainThread_1746023532: Received Ping request
2025-04-30 10:49:34 [INFO] onion_MainThread_1746023532: Received Ping request
2025-04-30 10:49:44 [INFO] onion_MainThread_1746023532: Received Ping request
2025-04-30 10:49:54 [INFO] onion_MainThread_1746023532: Received Ping request
2025-04-30 10:50:04 [INFO] onion_MainThread_1746023532: Received Ping request
2025-04-30 10:50:16 [INFO] onion_MainThread_1746023532: Received Ping request
2025-04-30 10:50:27 [INFO] onion_MainThread_1746023532: Received Ping request
2025-04-30 10:50:37 [INFO] onion_MainThread_1746023532: Received Ping request
2025-04-30 10:50:47 [INFO] onion_MainThread_1746023532: Received Ping request
2025-04-30 10:50:57 [INFO] onion_MainThread_1746023532: Received Ping request
2025-04-30 10:51:07 [INFO] onion_MainThread_1746023532: Received Ping request
2025-04-30 10:51:17 [INFO] onion_MainThread_1746023532: Received Ping request
2025-04-30 10:51:27 [INFO] onion_MainThread_1746023532: Received Ping request
2025-04-30 10:51:37 [INFO] onion_MainThread_1746023532: Received Ping request
2025-04-30 10:51:47 [INFO] onion_MainThread_1746023532: Received Ping request
2025-04-30 10:51:57 [INFO] onion_MainThread_1746023532: Received Ping request
2025-04-30 10:52:07 [INFO] onion_MainThread_1746023532: Received Ping request
2025-04-30 10:52:17 [INFO] onion_MainThread_1746023532: Received Ping request
2025-04-30 10:52:27 [INFO] onion_MainThread_1746023532: Received Ping request
2025-04-30 10:52:37 [INFO] onion_MainThread_1746023532: Received Ping request
2025-04-30 10:52:47 [INFO] onion_MainThread_1746023532: Received Ping request
2025-04-30 10:52:57 [INFO] onion_MainThread_1746023532: Received Ping request
2025-04-30 10:53:07 [INFO] onion_MainThread_1746023532: Received Ping request
2025-04-30 10:53:17 [INFO] onion_MainThread_1746023532: Received Ping request
2025-04-30 10:53:27 [INFO] onion_MainThread_1746023532: Received Ping request
2025-04-30 10:53:37 [INFO] onion_MainThread_1746023532: Received Ping request
2025-04-30 10:53:47 [INFO] onion_MainThread_1746023532: Received Ping request
2025-04-30 10:53:57 [INFO] onion_MainThread_1746023532: Received Ping request
2025-04-30 10:54:07 [INFO] onion_MainThread_1746023532: Received Ping request
2025-04-30 10:54:17 [INFO] onion_MainThread_1746023532: Received Ping request
2025-04-30 10:54:27 [INFO] onion_MainThread_1746023532: Received Ping request
2025-04-30 10:54:37 [INFO] onion_MainThread_1746023532: Received Ping request
2025-04-30 10:54:47 [INFO] onion_MainThread_1746023532: Received Ping request
2025-04-30 10:54:57 [INFO] onion_MainThread_1746023532: Received Ping request
2025-04-30 10:55:07 [INFO] onion_MainThread_1746023532: Received Ping request
2025-04-30 10:55:17 [INFO] onion_MainThread_1746023532: Received Ping request
2025-04-30 10:55:27 [INFO] onion_MainThread_1746023532: Received Ping request
2025-04-30 10:55:37 [INFO] onion_MainThread_1746023532: Received Ping request
2025-04-30 10:55:47 [INFO] onion_MainThread_1746023532: Received Ping request
2025-04-30 10:55:57 [INFO] onion_MainThread_1746023532: Received Ping request
2025-04-30 10:56:07 [INFO] onion_MainThread_1746023532: Received Ping request
2025-04-30 10:56:17 [INFO] onion_MainThread_1746023532: Received Ping request
2025-04-30 10:56:27 [INFO] onion_MainThread_1746023532: Received Ping request
2025-04-30 10:56:37 [INFO] onion_MainThread_1746023532: Received Ping request
2025-04-30 10:56:47 [INFO] onion_MainThread_1746023532: Received Ping request
2025-04-30 10:56:57 [INFO] onion_MainThread_1746023532: Received Ping request
2025-04-30 10:57:07 [INFO] onion_MainThread_1746023532: Received Ping request
2025-04-30 10:57:18 [INFO] onion_MainThread_1746023532: Received Ping request
2025-04-30 10:57:28 [INFO] onion_MainThread_1746023532: Received Ping request
2025-04-30 10:57:38 [INFO] onion_MainThread_1746023532: Received Ping request
2025-04-30 10:57:48 [INFO] onion_MainThread_1746023532: Received Ping request
2025-04-30 10:57:58 [INFO] onion_MainThread_1746023532: Received Ping request
2025-04-30 10:58:08 [INFO] onion_MainThread_1746023532: Received Ping request
2025-04-30 10:58:18 [INFO] onion_MainThread_1746023532: Received Ping request
2025-04-30 10:58:28 [INFO] onion_MainThread_1746023532: Received Ping request
2025-04-30 10:58:38 [INFO] onion_MainThread_1746023532: Received Ping request
2025-04-30 10:58:48 [INFO] onion_MainThread_1746023532: Received Ping request
2025-04-30 10:58:58 [INFO] onion_MainThread_1746023532: Received Ping request
2025-04-30 10:59:08 [INFO] onion_MainThread_1746023532: Received Ping request
2025-04-30 10:59:18 [INFO] onion_MainThread_1746023532: Received Ping request
2025-04-30 10:59:28 [INFO] onion_MainThread_1746023532: Received Ping request
2025-04-30 10:59:38 [INFO] onion_MainThread_1746023532: Received Ping request
2025-04-30 10:59:48 [INFO] onion_MainThread_1746023532: Received Ping request
2025-04-30 10:59:58 [INFO] onion_MainThread_1746023532: Received Ping request
2025-04-30 11:00:08 [INFO] onion_MainThread_1746023532: Received Ping request
2025-04-30 11:00:18 [INFO] onion_MainThread_1746023532: Received Ping request
2025-04-30 11:00:28 [INFO] onion_MainThread_1746023532: Received Ping request
2025-04-30 11:00:38 [INFO] onion_MainThread_1746023532: Received Ping request
2025-04-30 11:00:48 [INFO] onion_MainThread_1746023532: Received Ping request
2025-04-30 11:00:58 [INFO] onion_MainThread_1746023532: Received Ping request
2025-04-30 11:01:08 [INFO] onion_MainThread_1746023532: Received Ping request
2025-04-30 11:01:18 [INFO] onion_MainThread_1746023532: Received Ping request
2025-04-30 11:01:28 [INFO] onion_MainThread_1746023532: Received Ping request
2025-04-30 11:01:38 [INFO] onion_MainThread_1746023532: Received Ping request
2025-04-30 11:01:48 [INFO] onion_MainThread_1746023532: Received Ping request
2025-04-30 11:01:58 [INFO] onion_MainThread_1746023532: Received Ping request
2025-04-30 11:02:08 [INFO] onion_MainThread_1746023532: Received Ping request
2025-04-30 11:02:18 [INFO] onion_MainThread_1746023532: Received Ping request
2025-04-30 11:02:28 [INFO] onion_MainThread_1746023532: Received Ping request
2025-04-30 11:02:38 [INFO] onion_MainThread_1746023532: Received Ping request
2025-04-30 11:02:48 [INFO] onion_MainThread_1746023532: Received Ping request
2025-04-30 11:02:58 [INFO] onion_MainThread_1746023532: Received Ping request
2025-04-30 11:03:08 [INFO] onion_MainThread_1746023532: Received Ping request
2025-04-30 11:03:19 [INFO] onion_MainThread_1746023532: Received Ping request
2025-04-30 11:03:29 [INFO] onion_MainThread_1746023532: Received Ping request
2025-04-30 11:03:39 [INFO] onion_MainThread_1746023532: Received Ping request
2025-04-30 11:03:49 [INFO] onion_MainThread_1746023532: Received Ping request
2025-04-30 11:03:59 [INFO] onion_MainThread_1746023532: Received Ping request
2025-04-30 11:04:09 [INFO] onion_MainThread_1746023532: Received Ping request
2025-04-30 11:04:19 [INFO] onion_MainThread_1746023532: Received Ping request
2025-04-30 11:04:29 [INFO] onion_MainThread_1746023532: Received Ping request
2025-04-30 11:04:39 [INFO] onion_MainThread_1746023532: Received Ping request
2025-04-30 11:04:49 [INFO] onion_MainThread_1746023532: Received Ping request
2025-04-30 11:04:59 [INFO] onion_MainThread_1746023532: Received Ping request
2025-04-30 11:05:09 [INFO] onion_MainThread_1746023532: Received Ping request
2025-04-30 11:05:19 [INFO] onion_MainThread_1746023532: Received Ping request
2025-04-30 11:05:29 [INFO] onion_MainThread_1746023532: Received Ping request
2025-04-30 11:05:39 [INFO] onion_MainThread_1746023532: Received Ping request
2025-04-30 11:05:49 [INFO] onion_MainThread_1746023532: Received Ping request
2025-04-30 11:05:59 [INFO] onion_MainThread_1746023532: Received Ping request
2025-04-30 11:06:09 [INFO] onion_MainThread_1746023532: Received Ping request
2025-04-30 11:06:19 [INFO] onion_MainThread_1746023532: Received Ping request
2025-04-30 11:06:29 [INFO] onion_MainThread_1746023532: Received Ping request
2025-04-30 11:06:39 [INFO] onion_MainThread_1746023532: Received Ping request
2025-04-30 11:06:49 [INFO] onion_MainThread_1746023532: Received Ping request
2025-04-30 11:07:00 [INFO] onion_MainThread_1746023532: Received Ping request
2025-04-30 11:07:10 [INFO] onion_MainThread_1746023532: Received Ping request
2025-04-30 11:07:20 [INFO] onion_MainThread_1746023532: Received Ping request
2025-04-30 11:07:30 [INFO] onion_MainThread_1746023532: Received Ping request
2025-04-30 11:07:40 [INFO] onion_MainThread_1746023532: Received Ping request
2025-04-30 11:07:50 [INFO] onion_MainThread_1746023532: Received Ping request
2025-04-30 11:08:00 [INFO] onion_MainThread_1746023532: Received Ping request
2025-04-30 11:08:10 [INFO] onion_MainThread_1746023532: Received Ping request
2025-04-30 11:08:20 [INFO] onion_MainThread_1746023532: Received Ping request
2025-04-30 11:08:30 [INFO] onion_MainThread_1746023532: Received Ping request
2025-04-30 11:08:40 [INFO] onion_MainThread_1746023532: Received Ping request
2025-04-30 11:08:50 [INFO] onion_MainThread_1746023532: Received Ping request
2025-04-30 11:09:00 [INFO] onion_MainThread_1746023532: Received Ping request
2025-04-30 11:09:10 [INFO] onion_MainThread_1746023532: Received Ping request
2025-04-30 11:09:20 [INFO] onion_MainThread_1746023532: Received Ping request
2025-04-30 11:09:30 [INFO] onion_MainThread_1746023532: Received Ping request
2025-04-30 11:09:40 [INFO] onion_MainThread_1746023532: Received Ping request
2025-04-30 11:09:50 [INFO] onion_MainThread_1746023532: Received Ping request
2025-04-30 11:10:00 [INFO] onion_MainThread_1746023532: Received Ping request
2025-04-30 11:10:10 [INFO] onion_MainThread_1746023532: Received Ping request
2025-04-30 11:10:20 [INFO] onion_MainThread_1746023532: Received Ping request
2025-04-30 11:10:30 [INFO] onion_MainThread_1746023532: Received Ping request
2025-04-30 11:10:40 [INFO] onion_MainThread_1746023532: Received Ping request
2025-04-30 11:10:50 [INFO] onion_MainThread_1746023532: Received Ping request
2025-04-30 11:11:00 [INFO] onion_MainThread_1746023532: Received Ping request
2025-04-30 11:11:20 [INFO] onion_MainThread_1746023532: Received Ping request
2025-04-30 11:11:31 [INFO] onion_MainThread_1746023532: Received Ping request
2025-04-30 11:11:41 [INFO] onion_MainThread_1746023532: Received Ping request
2025-04-30 11:11:51 [INFO] onion_MainThread_1746023532: Received Ping request
2025-04-30 11:12:01 [INFO] onion_MainThread_1746023532: Received Ping request
2025-04-30 11:12:11 [INFO] onion_MainThread_1746023532: Received Ping request
2025-04-30 11:12:21 [INFO] onion_MainThread_1746023532: Received Ping request
2025-04-30 11:12:31 [INFO] onion_MainThread_1746023532: Received Ping request
2025-04-30 11:12:41 [INFO] onion_MainThread_1746023532: Received Ping request
2025-04-30 11:12:51 [INFO] onion_MainThread_1746023532: Received Ping request
2025-04-30 11:13:01 [INFO] onion_MainThread_1746023532: Received Ping request
2025-04-30 11:13:11 [INFO] onion_MainThread_1746023532: Received Ping request
2025-04-30 11:13:21 [INFO] onion_MainThread_1746023532: Received Ping request
2025-04-30 11:13:31 [INFO] onion_MainThread_1746023532: Received Ping request
2025-04-30 11:13:41 [INFO] onion_MainThread_1746023532: Received Ping request
2025-04-30 11:13:51 [INFO] onion_MainThread_1746023532: Received Ping request
2025-04-30 11:14:01 [INFO] onion_MainThread_1746023532: Received Ping request
2025-04-30 11:14:11 [INFO] onion_MainThread_1746023532: Received Ping request
2025-04-30 11:14:21 [INFO] onion_MainThread_1746023532: Received Ping request
2025-04-30 11:14:31 [INFO] onion_MainThread_1746023532: Received Ping request
2025-04-30 11:14:41 [INFO] onion_MainThread_1746023532: Received Ping request
2025-04-30 11:14:51 [INFO] onion_MainThread_1746023532: Received Ping request
2025-04-30 11:15:01 [INFO] onion_MainThread_1746023532: Received Ping request
2025-04-30 11:15:11 [INFO] onion_MainThread_1746023532: Received Ping request
2025-04-30 11:15:21 [INFO] onion_MainThread_1746023532: Received Ping request
2025-04-30 11:15:31 [INFO] onion_MainThread_1746023532: Received Ping request
2025-04-30 11:15:41 [INFO] onion_MainThread_1746023532: Received Ping request
2025-04-30 11:15:51 [INFO] onion_MainThread_1746023532: Received Ping request
2025-04-30 11:16:01 [INFO] onion_MainThread_1746023532: Received Ping request
2025-04-30 11:16:11 [INFO] onion_MainThread_1746023532: Received Ping request
2025-04-30 11:16:21 [INFO] onion_MainThread_1746023532: Received Ping request
2025-04-30 11:16:31 [INFO] onion_MainThread_1746023532: Received Ping request
2025-04-30 11:16:41 [INFO] onion_MainThread_1746023532: Received Ping request
2025-04-30 11:16:51 [INFO] onion_MainThread_1746023532: Received Ping request
2025-04-30 11:17:01 [INFO] onion_MainThread_1746023532: Received Ping request
2025-04-30 11:17:11 [INFO] onion_MainThread_1746023532: Received Ping request
2025-04-30 11:17:22 [INFO] onion_MainThread_1746023532: Received Ping request
2025-04-30 11:17:32 [INFO] onion_MainThread_1746023532: Received Ping request
2025-04-30 11:17:42 [INFO] onion_MainThread_1746023532: Received Ping request
2025-04-30 11:17:52 [INFO] onion_MainThread_1746023532: Received Ping request
2025-04-30 11:18:02 [INFO] onion_MainThread_1746023532: Received Ping request
2025-04-30 11:18:12 [INFO] onion_MainThread_1746023532: Received Ping request
2025-04-30 11:18:22 [INFO] onion_MainThread_1746023532: Received Ping request
2025-04-30 11:18:32 [INFO] onion_MainThread_1746023532: Received Ping request
2025-04-30 11:18:42 [INFO] onion_MainThread_1746023532: Received Ping request
2025-04-30 11:18:52 [INFO] onion_MainThread_1746023532: Received Ping request
2025-04-30 11:19:02 [INFO] onion_MainThread_1746023532: Received Ping request
2025-04-30 11:19:12 [INFO] onion_MainThread_1746023532: Received Ping request
2025-04-30 11:19:22 [INFO] onion_MainThread_1746023532: Received Ping request
2025-04-30 11:19:32 [INFO] onion_MainThread_1746023532: Received Ping request
2025-04-30 11:19:42 [INFO] onion_MainThread_1746023532: Received Ping request
2025-04-30 11:19:52 [INFO] onion_MainThread_1746023532: Received Ping request
2025-04-30 11:20:02 [INFO] onion_MainThread_1746023532: Received Ping request
2025-04-30 11:20:12 [INFO] onion_MainThread_1746023532: Received Ping request
2025-04-30 11:20:22 [INFO] onion_MainThread_1746023532: Received Ping request
2025-04-30 11:20:32 [INFO] onion_MainThread_1746023532: Received Ping request
2025-04-30 11:20:42 [INFO] onion_MainThread_1746023532: Received Ping request
2025-04-30 11:20:52 [INFO] onion_MainThread_1746023532: Received Ping request
2025-04-30 11:21:02 [INFO] onion_MainThread_1746023532: Received Ping request
2025-04-30 11:21:12 [INFO] onion_MainThread_1746023532: Received Ping request
2025-04-30 11:21:22 [INFO] onion_MainThread_1746023532: Received Ping request
2025-04-30 11:21:32 [INFO] onion_MainThread_1746023532: Received Ping request
2025-04-30 11:21:42 [INFO] onion_MainThread_1746023532: Received Ping request
2025-04-30 11:21:52 [INFO] onion_MainThread_1746023532: Received Ping request
2025-04-30 11:22:02 [INFO] onion_MainThread_1746023532: Received Ping request
2025-04-30 11:22:12 [INFO] onion_MainThread_1746023532: Received Ping request
2025-04-30 11:22:22 [INFO] onion_MainThread_1746023532: Received Ping request
2025-04-30 11:22:33 [INFO] onion_MainThread_1746023532: Received Ping request
2025-04-30 11:22:43 [INFO] onion_MainThread_1746023532: Received Ping request
2025-04-30 11:22:53 [INFO] onion_MainThread_1746023532: Received Ping request
2025-04-30 11:23:03 [INFO] onion_MainThread_1746023532: Received Ping request
2025-04-30 11:23:13 [INFO] onion_MainThread_1746023532: Received Ping request
2025-04-30 11:23:23 [INFO] onion_MainThread_1746023532: Received Ping request
2025-04-30 11:23:33 [INFO] onion_MainThread_1746023532: Received Ping request
2025-04-30 11:23:43 [INFO] onion_MainThread_1746023532: Received Ping request
2025-04-30 11:23:53 [INFO] onion_MainThread_1746023532: Received Ping request
2025-04-30 11:24:03 [INFO] onion_MainThread_1746023532: Received Ping request
2025-04-30 11:24:13 [INFO] onion_MainThread_1746023532: Received Ping request
2025-04-30 11:24:23 [INFO] onion_MainThread_1746023532: Received Ping request
2025-04-30 11:24:33 [INFO] onion_MainThread_1746023532: Received Ping request
2025-04-30 11:24:43 [INFO] onion_MainThread_1746023532: Received Ping request
2025-04-30 11:24:53 [INFO] onion_MainThread_1746023532: Received Ping request
2025-04-30 11:25:03 [INFO] onion_MainThread_1746023532: Received Ping request
2025-04-30 11:25:13 [INFO] onion_MainThread_1746023532: Received Ping request
2025-04-30 11:25:23 [INFO] onion_MainThread_1746023532: Received Ping request
2025-04-30 11:25:33 [INFO] onion_MainThread_1746023532: Received Ping request
2025-04-30 11:25:43 [INFO] onion_MainThread_1746023532: Received Ping request
2025-04-30 11:25:53 [INFO] onion_MainThread_1746023532: Received Ping request
2025-04-30 11:26:03 [INFO] onion_MainThread_1746023532: Received Ping request
2025-04-30 11:26:13 [INFO] onion_MainThread_1746023532: Received Ping request
2025-04-30 11:26:23 [INFO] onion_MainThread_1746023532: Received Ping request
2025-04-30 11:26:34 [INFO] onion_MainThread_1746023532: Received Ping request
2025-04-30 11:26:44 [INFO] onion_MainThread_1746023532: Received Ping request
2025-04-30 11:26:54 [INFO] onion_MainThread_1746023532: Received Ping request
2025-04-30 11:27:04 [INFO] onion_MainThread_1746023532: Received Ping request
2025-04-30 11:27:14 [INFO] onion_MainThread_1746023532: Received Ping request
2025-04-30 11:27:24 [INFO] onion_MainThread_1746023532: Received Ping request
2025-04-30 11:27:34 [INFO] onion_MainThread_1746023532: Received Ping request
2025-04-30 11:27:44 [INFO] onion_MainThread_1746023532: Received Ping request
2025-04-30 11:27:54 [INFO] onion_MainThread_1746023532: Received Ping request
2025-04-30 11:28:04 [INFO] onion_MainThread_1746023532: Received Ping request
2025-04-30 11:28:14 [INFO] onion_MainThread_1746023532: Received Ping request
2025-04-30 11:28:24 [INFO] onion_MainThread_1746023532: Received Ping request
2025-04-30 11:28:34 [INFO] onion_MainThread_1746023532: Received Ping request
2025-04-30 11:28:44 [INFO] onion_MainThread_1746023532: Received Ping request
2025-04-30 11:28:54 [INFO] onion_MainThread_1746023532: Received Ping request
2025-04-30 11:29:04 [INFO] onion_MainThread_1746023532: Received Ping request
2025-04-30 11:29:14 [INFO] onion_MainThread_1746023532: Received Ping request
2025-04-30 11:29:24 [INFO] onion_MainThread_1746023532: Received Ping request
2025-04-30 11:29:34 [INFO] onion_MainThread_1746023532: Received Ping request
2025-04-30 11:29:44 [INFO] onion_MainThread_1746023532: Received Ping request
2025-04-30 11:29:54 [INFO] onion_MainThread_1746023532: Received Ping request
2025-04-30 11:30:04 [INFO] onion_MainThread_1746023532: Received Ping request
2025-04-30 11:30:14 [INFO] onion_MainThread_1746023532: Received Ping request
2025-04-30 11:30:24 [INFO] onion_MainThread_1746023532: Received Ping request
2025-04-30 11:30:34 [INFO] onion_MainThread_1746023532: Received Ping request
2025-04-30 11:30:44 [INFO] onion_MainThread_1746023532: Received Ping request
2025-04-30 11:30:54 [INFO] onion_MainThread_1746023532: Received Ping request
2025-04-30 11:31:04 [INFO] onion_MainThread_1746023532: Received Ping request
2025-04-30 11:31:14 [INFO] onion_MainThread_1746023532: Received Ping request
2025-04-30 11:31:24 [INFO] onion_MainThread_1746023532: Received Ping request
2025-04-30 11:31:34 [INFO] onion_MainThread_1746023532: Received Ping request
2025-04-30 11:31:44 [INFO] onion_MainThread_1746023532: Received Ping request
2025-04-30 11:31:54 [INFO] onion_MainThread_1746023532: Received Ping request
2025-04-30 11:32:04 [INFO] onion_MainThread_1746023532: Received Ping request
2025-04-30 11:32:14 [INFO] onion_MainThread_1746023532: Received Ping request
